<?xml version="1.0" encoding="UTF-8"?>
<testsuite xmlns:xsi="http://www.w3.org/2001/XMLSchema-instance" xsi:noNamespaceSchemaLocation="https://maven.apache.org/surefire/maven-surefire-plugin/xsd/surefire-test-report-3.0.xsd" version="3.0" name="com.example.producingwebservice.ProducingWebServiceApplicationTests" time="1.606" tests="1" errors="0" skipped="0" failures="0">
  <properties>
[...]
</properties>
  <testcase name="contextLoads" classname="com.example.producingwebservice.ProducingWebServiceApplicationTests" time="0.445">
    <system-out><![CDATA[13:19:30.827 [main] INFO org.springframework.test.context.support.AnnotationConfigContextLoaderUtils -- Could not detect default configuration classes for test class [com.example.producingwebservice.ProducingWebServiceApplicationTests]: ProducingWebServiceApplicationTests does not declare any static, non-private, non-final, nested classes annotated with @Configuration.
13:19:30.878 [main] INFO org.springframework.boot.test.context.SpringBootTestContextBootstrapper -- Found @SpringBootConfiguration com.example.producingwebservice.ProducingWebServiceApplication for test class com.example.producingwebservice.ProducingWebServiceApplicationTests

  .   ____          _            __ _ _
 /\\ / ___'_ __ _ _(_)_ __  __ _ \ \ \ \
( ( )\___ | '_ | '_| | '_ \/ _` | \ \ \ \
 \\/  ___)| |_)| | | | | || (_| |  ) ) ) )
  '  |____| .__|_| |_|_| |_\__, | / / / /
 =========|_|==============|___/=/_/_/_/
 :: Spring Boot ::                (v3.1.0)

2023-05-22T13:19:31.052+02:00  INFO 3734 --- [           main] .e.p.ProducingWebServiceApplicationTests : Starting ProducingWebServiceApplicationTests using Java 19.0.2 with PID 3734 (started by karimchallal in /Users/karimchallal/sources/ProjetAppJava/javaapp)
2023-05-22T13:19:31.053+02:00  INFO 3734 --- [           main] .e.p.ProducingWebServiceApplicationTests : No active profile set, falling back to 1 default profile: "default"
2023-05-22T13:19:31.482+02:00  INFO 3734 --- [           main] trationDelegate$BeanPostProcessorChecker : Bean 'org.springframework.ws.config.annotation.DelegatingWsConfiguration' of type [org.springframework.ws.config.annotation.DelegatingWsConfiguration$$SpringCGLIB$$0] is not eligible for getting processed by all BeanPostProcessors (for example: not eligible for auto-proxying)
2023-05-22T13:19:31.504+02:00  INFO 3734 --- [           main] .w.s.a.s.AnnotationActionEndpointMapping : Supporting [WS-Addressing August 2004, WS-Addressing 1.0]
2023-05-22T13:19:31.806+02:00  INFO 3734 --- [           main] o.s.b.a.e.web.EndpointLinksResolver      : Exposing 1 endpoint(s) beneath base path '/actuator'
2023-05-22T13:19:31.838+02:00  INFO 3734 --- [           main] .e.p.ProducingWebServiceApplicationTests : Started ProducingWebServiceApplicationTests in 0.896 seconds (process running for 1.352)
]]></system-out>
  </testcase>
</testsuite>